# JRE version: OpenJDK Runtime Environment (8.0_152-b01) (build 1.8.0_152-release-1248-b01)
# Java VM: OpenJDK 64-Bit Server VM (25.152-b01 mixed mode windows-amd64 compressed oops)
Heap:
 PSYoungGen      total 21504K, used 9890K [0x00000000f5580000, 0x00000000f7f80000, 0x0000000100000000)
  eden space 15872K, 36% used [0x00000000f5580000,0x00000000f5b22448,0x00000000f6500000)
  from space 5632K, 73% used [0x00000000f6500000,0x00000000f6906580,0x00000000f6a80000)
  to   space 5632K, 0% used [0x00000000f7a00000,0x00000000f7a00000,0x00000000f7f80000)
 ParOldGen       total 44032K, used 5939K [0x00000000e0000000, 0x00000000e2b00000, 0x00000000f5580000)
  object space 44032K, 13% used [0x00000000e0000000,0x00000000e05ccf50,0x00000000e2b00000)
 Metaspace       used 15915K, capacity 16286K, committed 16640K, reserved 1062912K
  class space    used 2270K, capacity 2453K, committed 2560K, reserved 1048576K
GC Heap History (10 events):
Event: 2.589 GC heap before
{Heap before GC invocations=3 (full 0):
 PSYoungGen      total 18944K, used 18917K [0x00000000f5580000, 0x00000000f6a80000, 0x0000000100000000)
  eden space 16384K, 100% used [0x00000000f5580000,0x00000000f6580000,0x00000000f6580000)
  from space 2560K, 98% used [0x00000000f6800000,0x00000000f6a79648,0x00000000f6a80000)
  to   space 2560K, 0% used [0x00000000f6580000,0x00000000f6580000,0x00000000f6800000)
 ParOldGen       total 44032K, used 532K [0x00000000e0000000, 0x00000000e2b00000, 0x00000000f5580000)
  object space 44032K, 1% used [0x00000000e0000000,0x00000000e00852e8,0x00000000e2b00000)
 Metaspace       used 7020K, capacity 7144K, committed 7424K, reserved 1056768K
  class space    used 869K, capacity 916K, committed 1024K, reserved 1048576K
Event: 2.593 GC heap after
Heap after GC invocations=3 (full 0):
 PSYoungGen      total 18944K, used 2544K [0x00000000f5580000, 0x00000000f6a80000, 0x0000000100000000)
  eden space 16384K, 0% used [0x00000000f5580000,0x00000000f5580000,0x00000000f6580000)
  from space 2560K, 99% used [0x00000000f6580000,0x00000000f67fc010,0x00000000f6800000)
  to   space 2560K, 0% used [0x00000000f6800000,0x00000000f6800000,0x00000000f6a80000)
 ParOldGen       total 44032K, used 1040K [0x00000000e0000000, 0x00000000e2b00000, 0x00000000f5580000)
  object space 44032K, 2% used [0x00000000e0000000,0x00000000e01040b0,0x00000000e2b00000)
 Metaspace       used 7020K, capacity 7144K, committed 7424K, reserved 1056768K
  class space    used 869K, capacity 916K, committed 1024K, reserved 1048576K
}
Event: 2.894 GC heap before
{Heap before GC invocations=4 (full 0):
 PSYoungGen      total 18944K, used 18928K [0x00000000f5580000, 0x00000000f6a80000, 0x0000000100000000)
  eden space 16384K, 100% used [0x00000000f5580000,0x00000000f6580000,0x00000000f6580000)
  from space 2560K, 99% used [0x00000000f6580000,0x00000000f67fc010,0x00000000f6800000)
  to   space 2560K, 0% used [0x00000000f6800000,0x00000000f6800000,0x00000000f6a80000)
 ParOldGen       total 44032K, used 1040K [0x00000000e0000000, 0x00000000e2b00000, 0x00000000f5580000)
  object space 44032K, 2% used [0x00000000e0000000,0x00000000e01040b0,0x00000000e2b00000)
 Metaspace       used 9303K, capacity 9564K, committed 9856K, reserved 1058816K
  class space    used 1251K, capacity 1356K, committed 1408K, reserved 1048576K
Event: 2.900 GC heap after
Heap after GC invocations=4 (full 0):
 PSYoungGen      total 18944K, used 2528K [0x00000000f5580000, 0x00000000f6a80000, 0x0000000100000000)
  eden space 16384K, 0% used [0x00000000f5580000,0x00000000f5580000,0x00000000f6580000)
  from space 2560K, 98% used [0x00000000f6800000,0x00000000f6a78020,0x00000000f6a80000)
  to   space 2560K, 0% used [0x00000000f6580000,0x00000000f6580000,0x00000000f6800000)
 ParOldGen       total 44032K, used 2956K [0x00000000e0000000, 0x00000000e2b00000, 0x00000000f5580000)
  object space 44032K, 6% used [0x00000000e0000000,0x00000000e02e30d0,0x00000000e2b00000)
 Metaspace       used 9303K, capacity 9564K, committed 9856K, reserved 1058816K
  class space    used 1251K, capacity 1356K, committed 1408K, reserved 1048576K
}
Event: 5.198 GC heap before
{Heap before GC invocations=5 (full 0):
 PSYoungGen      total 18944K, used 18912K [0x00000000f5580000, 0x00000000f6a80000, 0x0000000100000000)
  eden space 16384K, 100% used [0x00000000f5580000,0x00000000f6580000,0x00000000f6580000)
  from space 2560K, 98% used [0x00000000f6800000,0x00000000f6a78020,0x00000000f6a80000)
  to   space 2560K, 0% used [0x00000000f6580000,0x00000000f6580000,0x00000000f6800000)
 ParOldGen       total 44032K, used 2956K [0x00000000e0000000, 0x00000000e2b00000, 0x00000000f5580000)
  object space 44032K, 6% used [0x00000000e0000000,0x00000000e02e30d0,0x00000000e2b00000)
 Metaspace       used 12176K, capacity 12486K, committed 12672K, reserved 1060864K
  class space    used 1662K, capacity 1799K, committed 1920K, reserved 1048576K
Event: 5.205 GC heap after
Heap after GC invocations=5 (full 0):
 PSYoungGen      total 18944K, used 2528K [0x00000000f5580000, 0x00000000f6f80000, 0x0000000100000000)
  eden space 16384K, 0% used [0x00000000f5580000,0x00000000f5580000,0x00000000f6580000)
  from space 2560K, 98% used [0x00000000f6580000,0x00000000f67f8020,0x00000000f6800000)
  to   space 5120K, 0% used [0x00000000f6a80000,0x00000000f6a80000,0x00000000f6f80000)
 ParOldGen       total 44032K, used 4902K [0x00000000e0000000, 0x00000000e2b00000, 0x00000000f5580000)
  object space 44032K, 11% used [0x00000000e0000000,0x00000000e04c9a98,0x00000000e2b00000)
 Metaspace       used 12176K, capacity 12486K, committed 12672K, reserved 1060864K
  class space    used 1662K, capacity 1799K, committed 1920K, reserved 1048576K
}
Event: 5.445 GC heap before
{Heap before GC invocations=6 (full 0):
 PSYoungGen      total 18944K, used 18912K [0x00000000f5580000, 0x00000000f6f80000, 0x0000000100000000)
  eden space 16384K, 100% used [0x00000000f5580000,0x00000000f6580000,0x00000000f6580000)
  from space 2560K, 98% used [0x00000000f6580000,0x00000000f67f8020,0x00000000f6800000)
  to   space 5120K, 0% used [0x00000000f6a80000,0x00000000f6a80000,0x00000000f6f80000)
 ParOldGen       total 44032K, used 4902K [0x00000000e0000000, 0x00000000e2b00000, 0x00000000f5580000)
  object space 44032K, 11% used [0x00000000e0000000,0x00000000e04c9a98,0x00000000e2b00000)
 Metaspace       used 13607K, capacity 13966K, committed 14208K, reserved 1060864K
  class space    used 1918K, capacity 2059K, committed 2176K, reserved 1048576K
Event: 5.453 GC heap after
Heap after GC invocations=6 (full 0):
 PSYoungGen      total 20992K, used 4694K [0x00000000f5580000, 0x00000000f8080000, 0x0000000100000000)
  eden space 15872K, 0% used [0x00000000f5580000,0x00000000f5580000,0x00000000f6500000)
  from space 5120K, 91% used [0x00000000f6a80000,0x00000000f6f15b08,0x00000000f6f80000)
  to   space 5632K, 0% used [0x00000000f6500000,0x00000000f6500000,0x00000000f6a80000)
 ParOldGen       total 44032K, used 4910K [0x00000000e0000000, 0x00000000e2b00000, 0x00000000f5580000)
  object space 44032K, 11% used [0x00000000e0000000,0x00000000e04cba98,0x00000000e2b00000)
 Metaspace       used 13607K, capacity 13966K, committed 14208K, reserved 1060864K
  class space    used 1918K, capacity 2059K, committed 2176K, reserved 1048576K
}
Event: 5.762 GC heap before
{Heap before GC invocations=7 (full 0):
 PSYoungGen      total 20992K, used 20561K [0x00000000f5580000, 0x00000000f8080000, 0x0000000100000000)
  eden space 15872K, 99% used [0x00000000f5580000,0x00000000f64fe900,0x00000000f6500000)
  from space 5120K, 91% used [0x00000000f6a80000,0x00000000f6f15b08,0x00000000f6f80000)
  to   space 5632K, 0% used [0x00000000f6500000,0x00000000f6500000,0x00000000f6a80000)
 ParOldGen       total 44032K, used 4910K [0x00000000e0000000, 0x00000000e2b00000, 0x00000000f5580000)
  object space 44032K, 11% used [0x00000000e0000000,0x00000000e04cba98,0x00000000e2b00000)
 Metaspace       used 15155K, capacity 15582K, committed 15744K, reserved 1062912K
  class space    used 2152K, capacity 2325K, committed 2432K, reserved 1048576K
Event: 5.772 GC heap after
Heap after GC invocations=7 (full 0):
 PSYoungGen      total 21504K, used 4121K [0x00000000f5580000, 0x00000000f7f80000, 0x0000000100000000)
  eden space 15872K, 0% used [0x00000000f5580000,0x00000000f5580000,0x00000000f6500000)
  from space 5632K, 73% used [0x00000000f6500000,0x00000000f6906580,0x00000000f6a80000)
  to   space 5632K, 0% used [0x00000000f7a00000,0x00000000f7a00000,0x00000000f7f80000)
 ParOldGen       total 44032K, used 5939K [0x00000000e0000000, 0x00000000e2b00000, 0x00000000f5580000)
  object space 44032K, 13% used [0x00000000e0000000,0x00000000e05ccf50,0x00000000e2b00000)
 Metaspace       used 15155K, capacity 15582K, committed 15744K, reserved 1062912K
  class space    used 2152K, capacity 2325K, committed 2432K, reserved 1048576K
}

