# JRE version: OpenJDK Runtime Environment (8.0_152-b01) (build 1.8.0_152-release-1248-b01)
# Java VM: OpenJDK 64-Bit Server VM (25.152-b01 mixed mode windows-amd64 compressed oops)
Heap:
 PSYoungGen      total 67584K, used 29506K [0x00000000e0000000, 0x00000000e6180000, 0x0000000100000000)
  eden space 60928K, 48% used [0x00000000e0000000,0x00000000e1cd0810,0x00000000e3b80000)
  from space 6656K, 0% used [0x00000000e3b80000,0x00000000e3b80000,0x00000000e4200000)
  to   space 6656K, 0% used [0x00000000e5b00000,0x00000000e5b00000,0x00000000e6180000)
 ParOldGen       total 33792K, used 16762K [0x00000000a0000000, 0x00000000a2100000, 0x00000000e0000000)
  object space 33792K, 49% used [0x00000000a0000000,0x00000000a105e948,0x00000000a2100000)
 Metaspace       used 38895K, capacity 39668K, committed 39936K, reserved 1083392K
  class space    used 5344K, capacity 5592K, committed 5632K, reserved 1048576K
GC Heap History (10 events):
Event: 9.315 GC heap before
{Heap before GC invocations=11 (full 1):
 PSYoungGen      total 37376K, used 31744K [0x00000000e0000000, 0x00000000e3f00000, 0x0000000100000000)
  eden space 31744K, 100% used [0x00000000e0000000,0x00000000e1f00000,0x00000000e1f00000)
  from space 5632K, 0% used [0x00000000e1f00000,0x00000000e1f00000,0x00000000e2480000)
  to   space 6656K, 0% used [0x00000000e3880000,0x00000000e3880000,0x00000000e3f00000)
 ParOldGen       total 33792K, used 9563K [0x00000000a0000000, 0x00000000a2100000, 0x00000000e0000000)
  object space 33792K, 28% used [0x00000000a0000000,0x00000000a0956f60,0x00000000a2100000)
 Metaspace       used 24323K, capacity 24756K, committed 24832K, reserved 1071104K
  class space    used 3346K, capacity 3511K, committed 3584K, reserved 1048576K
Event: 9.323 GC heap after
Heap after GC invocations=11 (full 1):
 PSYoungGen      total 48128K, used 3522K [0x00000000e0000000, 0x00000000e3c00000, 0x0000000100000000)
  eden space 44544K, 0% used [0x00000000e0000000,0x00000000e0000000,0x00000000e2b80000)
  from space 3584K, 98% used [0x00000000e3880000,0x00000000e3bf0b10,0x00000000e3c00000)
  to   space 6144K, 0% used [0x00000000e3000000,0x00000000e3000000,0x00000000e3600000)
 ParOldGen       total 33792K, used 9571K [0x00000000a0000000, 0x00000000a2100000, 0x00000000e0000000)
  object space 33792K, 28% used [0x00000000a0000000,0x00000000a0958f60,0x00000000a2100000)
 Metaspace       used 24323K, capacity 24756K, committed 24832K, reserved 1071104K
  class space    used 3346K, capacity 3511K, committed 3584K, reserved 1048576K
}
Event: 15.669 GC heap before
{Heap before GC invocations=12 (full 1):
 PSYoungGen      total 48128K, used 48066K [0x00000000e0000000, 0x00000000e3c00000, 0x0000000100000000)
  eden space 44544K, 100% used [0x00000000e0000000,0x00000000e2b80000,0x00000000e2b80000)
  from space 3584K, 98% used [0x00000000e3880000,0x00000000e3bf0b10,0x00000000e3c00000)
  to   space 6144K, 0% used [0x00000000e3000000,0x00000000e3000000,0x00000000e3600000)
 ParOldGen       total 33792K, used 9571K [0x00000000a0000000, 0x00000000a2100000, 0x00000000e0000000)
  object space 33792K, 28% used [0x00000000a0000000,0x00000000a0958f60,0x00000000a2100000)
 Metaspace       used 27239K, capacity 27702K, committed 27904K, reserved 1073152K
  class space    used 3830K, capacity 4037K, committed 4096K, reserved 1048576K
Event: 15.702 GC heap after
Heap after GC invocations=12 (full 1):
 PSYoungGen      total 55296K, used 4399K [0x00000000e0000000, 0x00000000e4800000, 0x0000000100000000)
  eden space 49152K, 0% used [0x00000000e0000000,0x00000000e0000000,0x00000000e3000000)
  from space 6144K, 71% used [0x00000000e3000000,0x00000000e344bc40,0x00000000e3600000)
  to   space 6144K, 0% used [0x00000000e4200000,0x00000000e4200000,0x00000000e4800000)
 ParOldGen       total 33792K, used 11252K [0x00000000a0000000, 0x00000000a2100000, 0x00000000e0000000)
  object space 33792K, 33% used [0x00000000a0000000,0x00000000a0afd110,0x00000000a2100000)
 Metaspace       used 27239K, capacity 27702K, committed 27904K, reserved 1073152K
  class space    used 3830K, capacity 4037K, committed 4096K, reserved 1048576K
}
Event: 17.278 GC heap before
{Heap before GC invocations=13 (full 1):
 PSYoungGen      total 55296K, used 53551K [0x00000000e0000000, 0x00000000e4800000, 0x0000000100000000)
  eden space 49152K, 100% used [0x00000000e0000000,0x00000000e3000000,0x00000000e3000000)
  from space 6144K, 71% used [0x00000000e3000000,0x00000000e344bc40,0x00000000e3600000)
  to   space 6144K, 0% used [0x00000000e4200000,0x00000000e4200000,0x00000000e4800000)
 ParOldGen       total 33792K, used 11252K [0x00000000a0000000, 0x00000000a2100000, 0x00000000e0000000)
  object space 33792K, 33% used [0x00000000a0000000,0x00000000a0afd110,0x00000000a2100000)
 Metaspace       used 30551K, capacity 31078K, committed 31232K, reserved 1075200K
  class space    used 4281K, capacity 4500K, committed 4608K, reserved 1048576K
Event: 17.324 GC heap after
Heap after GC invocations=13 (full 1):
 PSYoungGen      total 67072K, used 5080K [0x00000000e0000000, 0x00000000e5100000, 0x0000000100000000)
  eden space 60928K, 0% used [0x00000000e0000000,0x00000000e0000000,0x00000000e3b80000)
  from space 6144K, 82% used [0x00000000e4200000,0x00000000e46f6318,0x00000000e4800000)
  to   space 6656K, 0% used [0x00000000e3b80000,0x00000000e3b80000,0x00000000e4200000)
 ParOldGen       total 33792K, used 12836K [0x00000000a0000000, 0x00000000a2100000, 0x00000000e0000000)
  object space 33792K, 37% used [0x00000000a0000000,0x00000000a0c89290,0x00000000a2100000)
 Metaspace       used 30551K, capacity 31078K, committed 31232K, reserved 1075200K
  class space    used 4281K, capacity 4500K, committed 4608K, reserved 1048576K
}
Event: 21.016 GC heap before
{Heap before GC invocations=14 (full 1):
 PSYoungGen      total 67072K, used 44467K [0x00000000e0000000, 0x00000000e5100000, 0x0000000100000000)
  eden space 60928K, 64% used [0x00000000e0000000,0x00000000e2676968,0x00000000e3b80000)
  from space 6144K, 82% used [0x00000000e4200000,0x00000000e46f6318,0x00000000e4800000)
  to   space 6656K, 0% used [0x00000000e3b80000,0x00000000e3b80000,0x00000000e4200000)
 ParOldGen       total 33792K, used 12836K [0x00000000a0000000, 0x00000000a2100000, 0x00000000e0000000)
  object space 33792K, 37% used [0x00000000a0000000,0x00000000a0c89290,0x00000000a2100000)
 Metaspace       used 34826K, capacity 35464K, committed 35496K, reserved 1079296K
  class space    used 4865K, capacity 5110K, committed 5120K, reserved 1048576K
Event: 21.083 GC heap after
Heap after GC invocations=14 (full 1):
 PSYoungGen      total 67584K, used 4508K [0x00000000e0000000, 0x00000000e6180000, 0x0000000100000000)
  eden space 60928K, 0% used [0x00000000e0000000,0x00000000e0000000,0x00000000e3b80000)
  from space 6656K, 67% used [0x00000000e3b80000,0x00000000e3fe7310,0x00000000e4200000)
  to   space 6656K, 0% used [0x00000000e5b00000,0x00000000e5b00000,0x00000000e6180000)
 ParOldGen       total 33792K, used 15060K [0x00000000a0000000, 0x00000000a2100000, 0x00000000e0000000)
  object space 33792K, 44% used [0x00000000a0000000,0x00000000a0eb52e0,0x00000000a2100000)
 Metaspace       used 34826K, capacity 35464K, committed 35496K, reserved 1079296K
  class space    used 4865K, capacity 5110K, committed 5120K, reserved 1048576K
}
Event: 21.083 GC heap before
{Heap before GC invocations=15 (full 2):
 PSYoungGen      total 67584K, used 4508K [0x00000000e0000000, 0x00000000e6180000, 0x0000000100000000)
  eden space 60928K, 0% used [0x00000000e0000000,0x00000000e0000000,0x00000000e3b80000)
  from space 6656K, 67% used [0x00000000e3b80000,0x00000000e3fe7310,0x00000000e4200000)
  to   space 6656K, 0% used [0x00000000e5b00000,0x00000000e5b00000,0x00000000e6180000)
 ParOldGen       total 33792K, used 15060K [0x00000000a0000000, 0x00000000a2100000, 0x00000000e0000000)
  object space 33792K, 44% used [0x00000000a0000000,0x00000000a0eb52e0,0x00000000a2100000)
 Metaspace       used 34826K, capacity 35464K, committed 35496K, reserved 1079296K
  class space    used 4865K, capacity 5110K, committed 5120K, reserved 1048576K
Event: 21.459 GC heap after
Heap after GC invocations=15 (full 2):
 PSYoungGen      total 67584K, used 0K [0x00000000e0000000, 0x00000000e6180000, 0x0000000100000000)
  eden space 60928K, 0% used [0x00000000e0000000,0x00000000e0000000,0x00000000e3b80000)
  from space 6656K, 0% used [0x00000000e3b80000,0x00000000e3b80000,0x00000000e4200000)
  to   space 6656K, 0% used [0x00000000e5b00000,0x00000000e5b00000,0x00000000e6180000)
 ParOldGen       total 33792K, used 16762K [0x00000000a0000000, 0x00000000a2100000, 0x00000000e0000000)
  object space 33792K, 49% used [0x00000000a0000000,0x00000000a105e948,0x00000000a2100000)
 Metaspace       used 34826K, capacity 35464K, committed 35496K, reserved 1079296K
  class space    used 4865K, capacity 5110K, committed 5120K, reserved 1048576K
}

