# JRE version: OpenJDK Runtime Environment (8.0_152-b01) (build 1.8.0_152-release-1248-b01)
# Java VM: OpenJDK 64-Bit Server VM (25.152-b01 mixed mode windows-amd64 compressed oops)
Heap:
 PSYoungGen      total 130048K, used 3823K [0x00000000e0000000, 0x00000000eab80000, 0x0000000100000000)
  eden space 118272K, 3% used [0x00000000e0000000,0x00000000e03bbd28,0x00000000e7380000)
  from space 11776K, 0% used [0x00000000e7380000,0x00000000e7380000,0x00000000e7f00000)
  to   space 12288K, 0% used [0x00000000e9f80000,0x00000000e9f80000,0x00000000eab80000)
 ParOldGen       total 79360K, used 33212K [0x00000000a0000000, 0x00000000a4d80000, 0x00000000e0000000)
  object space 79360K, 41% used [0x00000000a0000000,0x00000000a206f000,0x00000000a4d80000)
 Metaspace       used 57884K, capacity 59222K, committed 59392K, reserved 1099776K
  class space    used 7754K, capacity 8151K, committed 8192K, reserved 1048576K
GC Heap History (10 events):
Event: 168.251 GC heap before
{Heap before GC invocations=16 (full 2):
 PSYoungGen      total 91648K, used 1334K [0x00000000e0000000, 0x00000000e6180000, 0x0000000100000000)
  eden space 84480K, 0% used [0x00000000e0000000,0x00000000e0000000,0x00000000e5280000)
  from space 7168K, 18% used [0x00000000e5a00000,0x00000000e5b4d888,0x00000000e6100000)
  to   space 7680K, 0% used [0x00000000e5280000,0x00000000e5280000,0x00000000e5a00000)
 ParOldGen       total 34304K, used 18997K [0x00000000a0000000, 0x00000000a2180000, 0x00000000e0000000)
  object space 34304K, 55% used [0x00000000a0000000,0x00000000a128d668,0x00000000a2180000)
 Metaspace       used 34830K, capacity 35428K, committed 35496K, reserved 1079296K
  class space    used 4740K, capacity 4953K, committed 4992K, reserved 1048576K
Event: 168.420 GC heap after
Heap after GC invocations=16 (full 2):
 PSYoungGen      total 91648K, used 0K [0x00000000e0000000, 0x00000000e6180000, 0x0000000100000000)
  eden space 84480K, 0% used [0x00000000e0000000,0x00000000e0000000,0x00000000e5280000)
  from space 7168K, 0% used [0x00000000e5a00000,0x00000000e5a00000,0x00000000e6100000)
  to   space 7680K, 0% used [0x00000000e5280000,0x00000000e5280000,0x00000000e5a00000)
 ParOldGen       total 47616K, used 15804K [0x00000000a0000000, 0x00000000a2e80000, 0x00000000e0000000)
  object space 47616K, 33% used [0x00000000a0000000,0x00000000a0f6f230,0x00000000a2e80000)
 Metaspace       used 34784K, capacity 35374K, committed 35496K, reserved 1079296K
  class space    used 4725K, capacity 4935K, committed 4992K, reserved 1048576K
}
Event: 171.157 GC heap before
{Heap before GC invocations=17 (full 2):
 PSYoungGen      total 91648K, used 84480K [0x00000000e0000000, 0x00000000e6180000, 0x0000000100000000)
  eden space 84480K, 100% used [0x00000000e0000000,0x00000000e5280000,0x00000000e5280000)
  from space 7168K, 0% used [0x00000000e5a00000,0x00000000e5a00000,0x00000000e6100000)
  to   space 7680K, 0% used [0x00000000e5280000,0x00000000e5280000,0x00000000e5a00000)
 ParOldGen       total 47616K, used 15804K [0x00000000a0000000, 0x00000000a2e80000, 0x00000000e0000000)
  object space 47616K, 33% used [0x00000000a0000000,0x00000000a0f6f230,0x00000000a2e80000)
 Metaspace       used 44601K, capacity 45268K, committed 45696K, reserved 1089536K
  class space    used 5946K, capacity 6201K, committed 6272K, reserved 1048576K
Event: 171.183 GC heap after
Heap after GC invocations=17 (full 2):
 PSYoungGen      total 92160K, used 7658K [0x00000000e0000000, 0x00000000e8900000, 0x0000000100000000)
  eden space 84480K, 0% used [0x00000000e0000000,0x00000000e0000000,0x00000000e5280000)
  from space 7680K, 99% used [0x00000000e5280000,0x00000000e59fa890,0x00000000e5a00000)
  to   space 10240K, 0% used [0x00000000e7f00000,0x00000000e7f00000,0x00000000e8900000)
 ParOldGen       total 47616K, used 20739K [0x00000000a0000000, 0x00000000a2e80000, 0x00000000e0000000)
  object space 47616K, 43% used [0x00000000a0000000,0x00000000a1440e10,0x00000000a2e80000)
 Metaspace       used 44601K, capacity 45268K, committed 45696K, reserved 1089536K
  class space    used 5946K, capacity 6201K, committed 6272K, reserved 1048576K
}
Event: 174.610 GC heap before
{Heap before GC invocations=18 (full 2):
 PSYoungGen      total 92160K, used 92138K [0x00000000e0000000, 0x00000000e8900000, 0x0000000100000000)
  eden space 84480K, 100% used [0x00000000e0000000,0x00000000e5280000,0x00000000e5280000)
  from space 7680K, 99% used [0x00000000e5280000,0x00000000e59fa890,0x00000000e5a00000)
  to   space 10240K, 0% used [0x00000000e7f00000,0x00000000e7f00000,0x00000000e8900000)
 ParOldGen       total 47616K, used 20739K [0x00000000a0000000, 0x00000000a2e80000, 0x00000000e0000000)
  object space 47616K, 43% used [0x00000000a0000000,0x00000000a1440e10,0x00000000a2e80000)
 Metaspace       used 52589K, capacity 53592K, committed 53888K, reserved 1095680K
  class space    used 6973K, capacity 7274K, committed 7296K, reserved 1048576K
Event: 174.636 GC heap after
Heap after GC invocations=18 (full 2):
 PSYoungGen      total 128512K, used 9900K [0x00000000e0000000, 0x00000000e8b00000, 0x0000000100000000)
  eden space 118272K, 0% used [0x00000000e0000000,0x00000000e0000000,0x00000000e7380000)
  from space 10240K, 96% used [0x00000000e7f00000,0x00000000e88ab2e8,0x00000000e8900000)
  to   space 11776K, 0% used [0x00000000e7380000,0x00000000e7380000,0x00000000e7f00000)
 ParOldGen       total 47616K, used 26231K [0x00000000a0000000, 0x00000000a2e80000, 0x00000000e0000000)
  object space 47616K, 55% used [0x00000000a0000000,0x00000000a199dd68,0x00000000a2e80000)
 Metaspace       used 52589K, capacity 53592K, committed 53888K, reserved 1095680K
  class space    used 6973K, capacity 7274K, committed 7296K, reserved 1048576K
}
Event: 176.264 GC heap before
{Heap before GC invocations=19 (full 2):
 PSYoungGen      total 128512K, used 71933K [0x00000000e0000000, 0x00000000e8b00000, 0x0000000100000000)
  eden space 118272K, 52% used [0x00000000e0000000,0x00000000e3c94400,0x00000000e7380000)
  from space 10240K, 96% used [0x00000000e7f00000,0x00000000e88ab2e8,0x00000000e8900000)
  to   space 11776K, 0% used [0x00000000e7380000,0x00000000e7380000,0x00000000e7f00000)
 ParOldGen       total 47616K, used 26231K [0x00000000a0000000, 0x00000000a2e80000, 0x00000000e0000000)
  object space 47616K, 55% used [0x00000000a0000000,0x00000000a199dd68,0x00000000a2e80000)
 Metaspace       used 57697K, capacity 59000K, committed 59136K, reserved 1099776K
  class space    used 7718K, capacity 8108K, committed 8192K, reserved 1048576K
Event: 176.285 GC heap after
Heap after GC invocations=19 (full 2):
 PSYoungGen      total 130048K, used 7875K [0x00000000e0000000, 0x00000000eab80000, 0x0000000100000000)
  eden space 118272K, 0% used [0x00000000e0000000,0x00000000e0000000,0x00000000e7380000)
  from space 11776K, 66% used [0x00000000e7380000,0x00000000e7b30e38,0x00000000e7f00000)
  to   space 12288K, 0% used [0x00000000e9f80000,0x00000000e9f80000,0x00000000eab80000)
 ParOldGen       total 47616K, used 31701K [0x00000000a0000000, 0x00000000a2e80000, 0x00000000e0000000)
  object space 47616K, 66% used [0x00000000a0000000,0x00000000a1ef5598,0x00000000a2e80000)
 Metaspace       used 57697K, capacity 59000K, committed 59136K, reserved 1099776K
  class space    used 7718K, capacity 8108K, committed 8192K, reserved 1048576K
}
Event: 176.285 GC heap before
{Heap before GC invocations=20 (full 3):
 PSYoungGen      total 130048K, used 7875K [0x00000000e0000000, 0x00000000eab80000, 0x0000000100000000)
  eden space 118272K, 0% used [0x00000000e0000000,0x00000000e0000000,0x00000000e7380000)
  from space 11776K, 66% used [0x00000000e7380000,0x00000000e7b30e38,0x00000000e7f00000)
  to   space 12288K, 0% used [0x00000000e9f80000,0x00000000e9f80000,0x00000000eab80000)
 ParOldGen       total 47616K, used 31701K [0x00000000a0000000, 0x00000000a2e80000, 0x00000000e0000000)
  object space 47616K, 66% used [0x00000000a0000000,0x00000000a1ef5598,0x00000000a2e80000)
 Metaspace       used 57697K, capacity 59000K, committed 59136K, reserved 1099776K
  class space    used 7718K, capacity 8108K, committed 8192K, reserved 1048576K
Event: 176.720 GC heap after
Heap after GC invocations=20 (full 3):
 PSYoungGen      total 130048K, used 0K [0x00000000e0000000, 0x00000000eab80000, 0x0000000100000000)
  eden space 118272K, 0% used [0x00000000e0000000,0x00000000e0000000,0x00000000e7380000)
  from space 11776K, 0% used [0x00000000e7380000,0x00000000e7380000,0x00000000e7f00000)
  to   space 12288K, 0% used [0x00000000e9f80000,0x00000000e9f80000,0x00000000eab80000)
 ParOldGen       total 79360K, used 33212K [0x00000000a0000000, 0x00000000a4d80000, 0x00000000e0000000)
  object space 79360K, 41% used [0x00000000a0000000,0x00000000a206f000,0x00000000a4d80000)
 Metaspace       used 57697K, capacity 59000K, committed 59136K, reserved 1099776K
  class space    used 7718K, capacity 8108K, committed 8192K, reserved 1048576K
}

