# JRE version: OpenJDK Runtime Environment (8.0_152-b01) (build 1.8.0_152-release-1248-b01)
# Java VM: OpenJDK 64-Bit Server VM (25.152-b01 mixed mode windows-amd64 compressed oops)
Heap:
 PSYoungGen      total 21504K, used 8442K [0x00000000f5580000, 0x00000000f7f80000, 0x0000000100000000)
  eden space 15872K, 27% used [0x00000000f5580000,0x00000000f59d44f0,0x00000000f6500000)
  from space 5632K, 71% used [0x00000000f6500000,0x00000000f68ea590,0x00000000f6a80000)
  to   space 5632K, 0% used [0x00000000f7a00000,0x00000000f7a00000,0x00000000f7f80000)
 ParOldGen       total 44032K, used 5850K [0x00000000e0000000, 0x00000000e2b00000, 0x00000000f5580000)
  object space 44032K, 13% used [0x00000000e0000000,0x00000000e05b6a10,0x00000000e2b00000)
 Metaspace       used 15608K, capacity 15966K, committed 16256K, reserved 1062912K
  class space    used 2232K, capacity 2389K, committed 2432K, reserved 1048576K
GC Heap History (10 events):
Event: 3.592 GC heap before
{Heap before GC invocations=3 (full 0):
 PSYoungGen      total 18944K, used 18933K [0x00000000f5580000, 0x00000000f6a80000, 0x0000000100000000)
  eden space 16384K, 100% used [0x00000000f5580000,0x00000000f6580000,0x00000000f6580000)
  from space 2560K, 99% used [0x00000000f6800000,0x00000000f6a7d658,0x00000000f6a80000)
  to   space 2560K, 0% used [0x00000000f6580000,0x00000000f6580000,0x00000000f6800000)
 ParOldGen       total 44032K, used 474K [0x00000000e0000000, 0x00000000e2b00000, 0x00000000f5580000)
  object space 44032K, 1% used [0x00000000e0000000,0x00000000e0076a20,0x00000000e2b00000)
 Metaspace       used 7025K, capacity 7144K, committed 7424K, reserved 1056768K
  class space    used 869K, capacity 916K, committed 1024K, reserved 1048576K
Event: 3.608 GC heap after
Heap after GC invocations=3 (full 0):
 PSYoungGen      total 18944K, used 2544K [0x00000000f5580000, 0x00000000f6a80000, 0x0000000100000000)
  eden space 16384K, 0% used [0x00000000f5580000,0x00000000f5580000,0x00000000f6580000)
  from space 2560K, 99% used [0x00000000f6580000,0x00000000f67fc030,0x00000000f6800000)
  to   space 2560K, 0% used [0x00000000f6800000,0x00000000f6800000,0x00000000f6a80000)
 ParOldGen       total 44032K, used 897K [0x00000000e0000000, 0x00000000e2b00000, 0x00000000f5580000)
  object space 44032K, 2% used [0x00000000e0000000,0x00000000e00e0790,0x00000000e2b00000)
 Metaspace       used 7025K, capacity 7144K, committed 7424K, reserved 1056768K
  class space    used 869K, capacity 916K, committed 1024K, reserved 1048576K
}
Event: 4.048 GC heap before
{Heap before GC invocations=4 (full 0):
 PSYoungGen      total 18944K, used 18928K [0x00000000f5580000, 0x00000000f6a80000, 0x0000000100000000)
  eden space 16384K, 100% used [0x00000000f5580000,0x00000000f6580000,0x00000000f6580000)
  from space 2560K, 99% used [0x00000000f6580000,0x00000000f67fc030,0x00000000f6800000)
  to   space 2560K, 0% used [0x00000000f6800000,0x00000000f6800000,0x00000000f6a80000)
 ParOldGen       total 44032K, used 897K [0x00000000e0000000, 0x00000000e2b00000, 0x00000000f5580000)
  object space 44032K, 2% used [0x00000000e0000000,0x00000000e00e0790,0x00000000e2b00000)
 Metaspace       used 9304K, capacity 9564K, committed 9856K, reserved 1058816K
  class space    used 1252K, capacity 1356K, committed 1408K, reserved 1048576K
Event: 4.055 GC heap after
Heap after GC invocations=4 (full 0):
 PSYoungGen      total 18944K, used 2528K [0x00000000f5580000, 0x00000000f7a80000, 0x0000000100000000)
  eden space 16384K, 0% used [0x00000000f5580000,0x00000000f5580000,0x00000000f6580000)
  from space 2560K, 98% used [0x00000000f6800000,0x00000000f6a78020,0x00000000f6a80000)
  to   space 2560K, 0% used [0x00000000f6580000,0x00000000f6580000,0x00000000f6800000)
 ParOldGen       total 44032K, used 2821K [0x00000000e0000000, 0x00000000e2b00000, 0x00000000f5580000)
  object space 44032K, 6% used [0x00000000e0000000,0x00000000e02c15c0,0x00000000e2b00000)
 Metaspace       used 9304K, capacity 9564K, committed 9856K, reserved 1058816K
  class space    used 1252K, capacity 1356K, committed 1408K, reserved 1048576K
}
Event: 6.704 GC heap before
{Heap before GC invocations=5 (full 0):
 PSYoungGen      total 18944K, used 18912K [0x00000000f5580000, 0x00000000f7a80000, 0x0000000100000000)
  eden space 16384K, 100% used [0x00000000f5580000,0x00000000f6580000,0x00000000f6580000)
  from space 2560K, 98% used [0x00000000f6800000,0x00000000f6a78020,0x00000000f6a80000)
  to   space 2560K, 0% used [0x00000000f6580000,0x00000000f6580000,0x00000000f6800000)
 ParOldGen       total 44032K, used 2821K [0x00000000e0000000, 0x00000000e2b00000, 0x00000000f5580000)
  object space 44032K, 6% used [0x00000000e0000000,0x00000000e02c15c0,0x00000000e2b00000)
 Metaspace       used 12174K, capacity 12486K, committed 12672K, reserved 1060864K
  class space    used 1662K, capacity 1799K, committed 1920K, reserved 1048576K
Event: 6.711 GC heap after
Heap after GC invocations=5 (full 0):
 PSYoungGen      total 18944K, used 2544K [0x00000000f5580000, 0x00000000f6f80000, 0x0000000100000000)
  eden space 16384K, 0% used [0x00000000f5580000,0x00000000f5580000,0x00000000f6580000)
  from space 2560K, 99% used [0x00000000f6580000,0x00000000f67fc010,0x00000000f6800000)
  to   space 5120K, 0% used [0x00000000f6a80000,0x00000000f6a80000,0x00000000f6f80000)
 ParOldGen       total 44032K, used 4774K [0x00000000e0000000, 0x00000000e2b00000, 0x00000000f5580000)
  object space 44032K, 10% used [0x00000000e0000000,0x00000000e04a9ae0,0x00000000e2b00000)
 Metaspace       used 12174K, capacity 12486K, committed 12672K, reserved 1060864K
  class space    used 1662K, capacity 1799K, committed 1920K, reserved 1048576K
}
Event: 6.968 GC heap before
{Heap before GC invocations=6 (full 0):
 PSYoungGen      total 18944K, used 18928K [0x00000000f5580000, 0x00000000f6f80000, 0x0000000100000000)
  eden space 16384K, 100% used [0x00000000f5580000,0x00000000f6580000,0x00000000f6580000)
  from space 2560K, 99% used [0x00000000f6580000,0x00000000f67fc010,0x00000000f6800000)
  to   space 5120K, 0% used [0x00000000f6a80000,0x00000000f6a80000,0x00000000f6f80000)
 ParOldGen       total 44032K, used 4774K [0x00000000e0000000, 0x00000000e2b00000, 0x00000000f5580000)
  object space 44032K, 10% used [0x00000000e0000000,0x00000000e04a9ae0,0x00000000e2b00000)
 Metaspace       used 13606K, capacity 13966K, committed 14208K, reserved 1060864K
  class space    used 1919K, capacity 2059K, committed 2176K, reserved 1048576K
Event: 6.976 GC heap after
Heap after GC invocations=6 (full 0):
 PSYoungGen      total 20992K, used 4685K [0x00000000f5580000, 0x00000000f8080000, 0x0000000100000000)
  eden space 15872K, 0% used [0x00000000f5580000,0x00000000f5580000,0x00000000f6500000)
  from space 5120K, 91% used [0x00000000f6a80000,0x00000000f6f13430,0x00000000f6f80000)
  to   space 5632K, 0% used [0x00000000f6500000,0x00000000f6500000,0x00000000f6a80000)
 ParOldGen       total 44032K, used 4782K [0x00000000e0000000, 0x00000000e2b00000, 0x00000000f5580000)
  object space 44032K, 10% used [0x00000000e0000000,0x00000000e04abae0,0x00000000e2b00000)
 Metaspace       used 13606K, capacity 13966K, committed 14208K, reserved 1060864K
  class space    used 1919K, capacity 2059K, committed 2176K, reserved 1048576K
}
Event: 7.417 GC heap before
{Heap before GC invocations=7 (full 0):
 PSYoungGen      total 20992K, used 20557K [0x00000000f5580000, 0x00000000f8080000, 0x0000000100000000)
  eden space 15872K, 100% used [0x00000000f5580000,0x00000000f6500000,0x00000000f6500000)
  from space 5120K, 91% used [0x00000000f6a80000,0x00000000f6f13430,0x00000000f6f80000)
  to   space 5632K, 0% used [0x00000000f6500000,0x00000000f6500000,0x00000000f6a80000)
 ParOldGen       total 44032K, used 4782K [0x00000000e0000000, 0x00000000e2b00000, 0x00000000f5580000)
  object space 44032K, 10% used [0x00000000e0000000,0x00000000e04abae0,0x00000000e2b00000)
 Metaspace       used 15133K, capacity 15518K, committed 15744K, reserved 1062912K
  class space    used 2152K, capacity 2325K, committed 2432K, reserved 1048576K
Event: 7.431 GC heap after
Heap after GC invocations=7 (full 0):
 PSYoungGen      total 21504K, used 4009K [0x00000000f5580000, 0x00000000f7f80000, 0x0000000100000000)
  eden space 15872K, 0% used [0x00000000f5580000,0x00000000f5580000,0x00000000f6500000)
  from space 5632K, 71% used [0x00000000f6500000,0x00000000f68ea590,0x00000000f6a80000)
  to   space 5632K, 0% used [0x00000000f7a00000,0x00000000f7a00000,0x00000000f7f80000)
 ParOldGen       total 44032K, used 5850K [0x00000000e0000000, 0x00000000e2b00000, 0x00000000f5580000)
  object space 44032K, 13% used [0x00000000e0000000,0x00000000e05b6a10,0x00000000e2b00000)
 Metaspace       used 15133K, capacity 15518K, committed 15744K, reserved 1062912K
  class space    used 2152K, capacity 2325K, committed 2432K, reserved 1048576K
}

